c:\users\호혁\desktop\practice09\ex030\debug\vc141.pdb
c:\users\호혁\desktop\practice09\ex030\debug\vc141.idb
c:\users\호혁\desktop\practice09\ex030\debug\cglframework.obj
c:\users\호혁\desktop\practice09\ex030\debug\cground.obj
c:\users\호혁\desktop\practice09\ex030\debug\clighting.obj
c:\users\호혁\desktop\practice09\ex030\debug\cobj.obj
c:\users\호혁\desktop\practice09\ex030\debug\cpyramid.obj
c:\users\호혁\desktop\practice09\ex030\debug\cscenemgr.obj
c:\users\호혁\desktop\practice09\ex030\debug\csnow.obj
c:\users\호혁\desktop\practice09\ex030\debug\main30.obj
c:\users\호혁\desktop\practice09\ex030\debug\stdafx.obj
c:\users\호혁\desktop\practice09\debug\ex030.exe
c:\users\호혁\desktop\practice09\debug\ex030.ilk
c:\users\호혁\desktop\practice09\debug\ex030.pdb
c:\users\호혁\desktop\practice09\ex030\debug\ex030.tlog\cl.command.1.tlog
c:\users\호혁\desktop\practice09\ex030\debug\ex030.tlog\cl.read.1.tlog
c:\users\호혁\desktop\practice09\ex030\debug\ex030.tlog\cl.write.1.tlog
c:\users\호혁\desktop\practice09\ex030\debug\ex030.tlog\link.command.1.tlog
c:\users\호혁\desktop\practice09\ex030\debug\ex030.tlog\link.read.1.tlog
c:\users\호혁\desktop\practice09\ex030\debug\ex030.tlog\link.write.1.tlog
